{"numFailedTestSuites":0,"numFailedTests":0,"numPassedTestSuites":1,"numPassedTests":1,"numPendingTestSuites":0,"numPendingTests":0,"numRuntimeErrorTestSuites":0,"numTodoTests":0,"numTotalTestSuites":1,"numTotalTests":1,"openHandles":[],"snapshot":{"added":0,"didUpdate":false,"failure":false,"filesAdded":0,"filesRemoved":0,"filesRemovedList":[],"filesUnmatched":0,"filesUpdated":0,"matched":0,"total":0,"unchecked":0,"uncheckedKeysByFile":[],"unmatched":0,"updated":0},"startTime":1759829507042,"success":true,"testResults":[{"assertionResults":[{"ancestorTitles":[],"duration":2,"failing":false,"failureDetails":[],"failureMessages":[],"fullName":"StringRepeater happy path","invocations":1,"location":null,"numPassingAsserts":1,"retryReasons":[],"startAt":1759829507401,"status":"passed","title":"StringRepeater happy path"}],"endTime":1759829507405,"message":"","name":"C:\\GitHubDesktopRepos\\AlexStormwood\\mar25-t2w05-intro-to-js-testing\\tests\\StringRepeater.test.js","startTime":1759829507100,"status":"passed","summary":""}],"wasInterrupted":false}
